2019-06-21 07:35:18,445 INFO o.a.j.u.JMeterUtils: Setting Locale to en_EN
2019-06-21 07:35:18,459 INFO o.a.j.JMeter: Loading user properties from: C:\tools\jmeter\bin\user.properties
2019-06-21 07:35:18,459 INFO o.a.j.JMeter: Loading system properties from: C:\tools\jmeter\bin\system.properties
2019-06-21 07:35:18,459 INFO o.a.j.JMeter: Setting JMeter property: jmeter.save.saveservice.output_format=xml
2019-06-21 07:35:18,464 INFO o.a.j.JMeter: Copyright (c) 1998-2019 The Apache Software Foundation
2019-06-21 07:35:18,464 INFO o.a.j.JMeter: Version 5.1.1 r1855137
2019-06-21 07:35:18,465 INFO o.a.j.JMeter: java.version=1.8.0_211
2019-06-21 07:35:18,465 INFO o.a.j.JMeter: java.vm.name=Java HotSpot(TM) 64-Bit Server VM
2019-06-21 07:35:18,465 INFO o.a.j.JMeter: os.name=Windows 10
2019-06-21 07:35:18,465 INFO o.a.j.JMeter: os.arch=amd64
2019-06-21 07:35:18,465 INFO o.a.j.JMeter: os.version=10.0
2019-06-21 07:35:18,465 INFO o.a.j.JMeter: file.encoding=Cp1252
2019-06-21 07:35:18,465 INFO o.a.j.JMeter: java.awt.headless=true
2019-06-21 07:35:18,465 INFO o.a.j.JMeter: Max memory     =1073741824
2019-06-21 07:35:18,465 INFO o.a.j.JMeter: Available Processors =8
2019-06-21 07:35:18,469 INFO o.a.j.JMeter: Default Locale=English (EN)
2019-06-21 07:35:18,469 INFO o.a.j.JMeter: JMeter  Locale=English (EN)
2019-06-21 07:35:18,469 INFO o.a.j.JMeter: JMeterHome=C:\tools\jmeter
2019-06-21 07:35:18,469 INFO o.a.j.JMeter: user.dir  =C:\siemensdevops1
2019-06-21 07:35:18,470 INFO o.a.j.JMeter: PWD       =C:\siemensdevops1
2019-06-21 07:35:22,983 INFO o.a.j.JMeter: IP: 192.168.99.1 Name: DESKTOP-R69GL91 FullName: DESKTOP-R69GL91
2019-06-21 07:35:22,987 INFO o.a.j.s.FileServer: Default base='C:\siemensdevops1'
2019-06-21 07:35:22,991 INFO o.a.j.s.FileServer: Set new base='c:\'
2019-06-21 07:35:23,125 INFO o.a.j.s.SaveService: Testplan (JMX) version: 2.2. Testlog (JTL) version: 2.2
2019-06-21 07:35:23,139 INFO o.a.j.s.SaveService: Using SaveService properties file encoding UTF-8
2019-06-21 07:35:23,144 INFO o.a.j.s.SaveService: Using SaveService properties version 5.0
2019-06-21 07:35:23,149 INFO o.a.j.s.SaveService: Loading file: c:\testplan.jmx
2019-06-21 07:35:23,193 INFO o.a.j.p.h.s.HTTPSamplerBase: Parser for text/html is org.apache.jmeter.protocol.http.parser.LagartoBasedHtmlParser
2019-06-21 07:35:23,193 INFO o.a.j.p.h.s.HTTPSamplerBase: Parser for application/xhtml+xml is org.apache.jmeter.protocol.http.parser.LagartoBasedHtmlParser
2019-06-21 07:35:23,193 INFO o.a.j.p.h.s.HTTPSamplerBase: Parser for application/xml is org.apache.jmeter.protocol.http.parser.LagartoBasedHtmlParser
2019-06-21 07:35:23,193 INFO o.a.j.p.h.s.HTTPSamplerBase: Parser for text/xml is org.apache.jmeter.protocol.http.parser.LagartoBasedHtmlParser
2019-06-21 07:35:23,193 INFO o.a.j.p.h.s.HTTPSamplerBase: Parser for text/vnd.wap.wml is org.apache.jmeter.protocol.http.parser.RegexpHTMLParser
2019-06-21 07:35:23,194 INFO o.a.j.p.h.s.HTTPSamplerBase: Parser for text/css is org.apache.jmeter.protocol.http.parser.CssParser
2019-06-21 07:35:23,215 INFO o.a.j.JMeter: Creating summariser <summary>
2019-06-21 07:35:23,221 INFO o.a.j.e.StandardJMeterEngine: Running the test!
2019-06-21 07:35:23,223 INFO o.a.j.s.SampleEvent: List of sample_variables: []
2019-06-21 07:35:23,223 INFO o.a.j.s.SampleEvent: List of sample_variables: []
2019-06-21 07:35:23,229 INFO o.a.j.e.u.CompoundVariable: Note: Function class names must contain the string: '.functions.'
2019-06-21 07:35:23,229 INFO o.a.j.e.u.CompoundVariable: Note: Function class names must not contain the string: '.gui.'
2019-06-21 07:35:23,536 INFO o.a.j.JMeter: Running test (1561082723536)
2019-06-21 07:35:23,565 INFO o.a.j.e.StandardJMeterEngine: Starting ThreadGroup: 1 : Thread Group
2019-06-21 07:35:23,565 INFO o.a.j.e.StandardJMeterEngine: Starting 100 threads for group Thread Group.
2019-06-21 07:35:23,565 INFO o.a.j.e.StandardJMeterEngine: Thread will continue on error
2019-06-21 07:35:23,565 INFO o.a.j.t.ThreadGroup: Starting thread group... number=1 threads=100 ramp-up=10 delayedStart=false
2019-06-21 07:35:23,576 INFO o.a.j.t.JMeterThread: Thread started: Thread Group 1-1
2019-06-21 07:35:23,599 INFO o.a.j.p.h.s.HTTPHCAbstractImpl: Local host = DESKTOP-R69GL91
2019-06-21 07:35:23,604 INFO o.a.j.t.ThreadGroup: Started thread group number 1
2019-06-21 07:35:23,604 INFO o.a.j.e.StandardJMeterEngine: All thread groups have been started
2019-06-21 07:35:23,606 INFO o.a.j.p.h.s.HTTPHC4Impl: HTTP request retry count = 0
2019-06-21 07:35:23,607 INFO o.a.j.s.SampleResult: Note: Sample TimeStamps are START times
2019-06-21 07:35:23,608 INFO o.a.j.s.SampleResult: sampleresult.default.encoding is set to ISO-8859-1
2019-06-21 07:35:23,608 INFO o.a.j.s.SampleResult: sampleresult.useNanoTime=true
2019-06-21 07:35:23,608 INFO o.a.j.s.SampleResult: sampleresult.nanoThreadSleep=5000
2019-06-21 07:35:23,673 INFO o.a.j.t.JMeterThread: Thread started: Thread Group 1-2
2019-06-21 07:35:23,720 INFO o.a.j.u.JsseSSLManager: Using default SSL protocol: TLS
2019-06-21 07:35:23,720 INFO o.a.j.u.JsseSSLManager: SSL session context: per-thread
2019-06-21 07:35:23,759 INFO o.a.j.t.JMeterThread: Thread is done: Thread Group 1-2
2019-06-21 07:35:23,759 INFO o.a.j.t.JMeterThread: Thread finished: Thread Group 1-2
2019-06-21 07:35:23,766 INFO o.a.j.t.JMeterThread: Thread is done: Thread Group 1-1
2019-06-21 07:35:23,766 INFO o.a.j.t.JMeterThread: Thread finished: Thread Group 1-1
2019-06-21 07:35:23,772 INFO o.a.j.t.JMeterThread: Thread started: Thread Group 1-3
2019-06-21 07:35:23,806 INFO o.a.j.t.JMeterThread: Thread is done: Thread Group 1-3
2019-06-21 07:35:23,806 INFO o.a.j.t.JMeterThread: Thread finished: Thread Group 1-3
2019-06-21 07:35:23,872 INFO o.a.j.t.JMeterThread: Thread started: Thread Group 1-4
2019-06-21 07:35:23,908 INFO o.a.j.t.JMeterThread: Thread is done: Thread Group 1-4
2019-06-21 07:35:23,908 INFO o.a.j.t.JMeterThread: Thread finished: Thread Group 1-4
2019-06-21 07:35:23,968 INFO o.a.j.t.JMeterThread: Thread started: Thread Group 1-5
2019-06-21 07:35:24,001 INFO o.a.j.t.JMeterThread: Thread is done: Thread Group 1-5
2019-06-21 07:35:24,001 INFO o.a.j.t.JMeterThread: Thread finished: Thread Group 1-5
2019-06-21 07:35:24,067 INFO o.a.j.t.JMeterThread: Thread started: Thread Group 1-6
2019-06-21 07:35:24,103 INFO o.a.j.t.JMeterThread: Thread is done: Thread Group 1-6
2019-06-21 07:35:24,103 INFO o.a.j.t.JMeterThread: Thread finished: Thread Group 1-6
2019-06-21 07:35:24,168 INFO o.a.j.t.JMeterThread: Thread started: Thread Group 1-7
2019-06-21 07:35:24,198 INFO o.a.j.t.JMeterThread: Thread is done: Thread Group 1-7
2019-06-21 07:35:24,198 INFO o.a.j.t.JMeterThread: Thread finished: Thread Group 1-7
2019-06-21 07:35:24,268 INFO o.a.j.t.JMeterThread: Thread started: Thread Group 1-8
2019-06-21 07:35:24,297 INFO o.a.j.t.JMeterThread: Thread is done: Thread Group 1-8
2019-06-21 07:35:24,297 INFO o.a.j.t.JMeterThread: Thread finished: Thread Group 1-8
2019-06-21 07:35:24,367 INFO o.a.j.t.JMeterThread: Thread started: Thread Group 1-9
2019-06-21 07:35:24,396 INFO o.a.j.t.JMeterThread: Thread is done: Thread Group 1-9
2019-06-21 07:35:24,397 INFO o.a.j.t.JMeterThread: Thread finished: Thread Group 1-9
2019-06-21 07:35:24,467 INFO o.a.j.t.JMeterThread: Thread started: Thread Group 1-10
2019-06-21 07:35:24,498 INFO o.a.j.t.JMeterThread: Thread is done: Thread Group 1-10
2019-06-21 07:35:24,498 INFO o.a.j.t.JMeterThread: Thread finished: Thread Group 1-10
2019-06-21 07:35:24,567 INFO o.a.j.t.JMeterThread: Thread started: Thread Group 1-11
2019-06-21 07:35:24,605 INFO o.a.j.t.JMeterThread: Thread is done: Thread Group 1-11
2019-06-21 07:35:24,605 INFO o.a.j.t.JMeterThread: Thread finished: Thread Group 1-11
2019-06-21 07:35:24,666 INFO o.a.j.t.JMeterThread: Thread started: Thread Group 1-12
2019-06-21 07:35:24,694 INFO o.a.j.t.JMeterThread: Thread is done: Thread Group 1-12
2019-06-21 07:35:24,694 INFO o.a.j.t.JMeterThread: Thread finished: Thread Group 1-12
2019-06-21 07:35:24,767 INFO o.a.j.t.JMeterThread: Thread started: Thread Group 1-13
2019-06-21 07:35:24,795 INFO o.a.j.t.JMeterThread: Thread is done: Thread Group 1-13
2019-06-21 07:35:24,795 INFO o.a.j.t.JMeterThread: Thread finished: Thread Group 1-13
2019-06-21 07:35:24,866 INFO o.a.j.t.JMeterThread: Thread started: Thread Group 1-14
2019-06-21 07:35:24,891 INFO o.a.j.t.JMeterThread: Thread is done: Thread Group 1-14
2019-06-21 07:35:24,891 INFO o.a.j.t.JMeterThread: Thread finished: Thread Group 1-14
2019-06-21 07:35:24,966 INFO o.a.j.t.JMeterThread: Thread started: Thread Group 1-15
2019-06-21 07:35:24,994 INFO o.a.j.t.JMeterThread: Thread is done: Thread Group 1-15
2019-06-21 07:35:24,994 INFO o.a.j.t.JMeterThread: Thread finished: Thread Group 1-15
2019-06-21 07:35:25,066 INFO o.a.j.t.JMeterThread: Thread started: Thread Group 1-16
2019-06-21 07:35:25,095 INFO o.a.j.t.JMeterThread: Thread is done: Thread Group 1-16
2019-06-21 07:35:25,095 INFO o.a.j.t.JMeterThread: Thread finished: Thread Group 1-16
2019-06-21 07:35:25,166 INFO o.a.j.t.JMeterThread: Thread started: Thread Group 1-17
2019-06-21 07:35:25,189 INFO o.a.j.t.JMeterThread: Thread is done: Thread Group 1-17
2019-06-21 07:35:25,189 INFO o.a.j.t.JMeterThread: Thread finished: Thread Group 1-17
2019-06-21 07:35:25,265 INFO o.a.j.t.JMeterThread: Thread started: Thread Group 1-18
2019-06-21 07:35:25,293 INFO o.a.j.t.JMeterThread: Thread is done: Thread Group 1-18
2019-06-21 07:35:25,293 INFO o.a.j.t.JMeterThread: Thread finished: Thread Group 1-18
2019-06-21 07:35:25,365 INFO o.a.j.t.JMeterThread: Thread started: Thread Group 1-19
2019-06-21 07:35:25,393 INFO o.a.j.t.JMeterThread: Thread is done: Thread Group 1-19
2019-06-21 07:35:25,393 INFO o.a.j.t.JMeterThread: Thread finished: Thread Group 1-19
2019-06-21 07:35:25,467 INFO o.a.j.t.JMeterThread: Thread started: Thread Group 1-20
2019-06-21 07:35:25,492 INFO o.a.j.t.JMeterThread: Thread is done: Thread Group 1-20
2019-06-21 07:35:25,492 INFO o.a.j.t.JMeterThread: Thread finished: Thread Group 1-20
2019-06-21 07:35:25,566 INFO o.a.j.t.JMeterThread: Thread started: Thread Group 1-21
2019-06-21 07:35:25,590 INFO o.a.j.t.JMeterThread: Thread is done: Thread Group 1-21
2019-06-21 07:35:25,591 INFO o.a.j.t.JMeterThread: Thread finished: Thread Group 1-21
2019-06-21 07:35:25,665 INFO o.a.j.t.JMeterThread: Thread started: Thread Group 1-22
2019-06-21 07:35:25,687 INFO o.a.j.t.JMeterThread: Thread is done: Thread Group 1-22
2019-06-21 07:35:25,687 INFO o.a.j.t.JMeterThread: Thread finished: Thread Group 1-22
2019-06-21 07:35:25,766 INFO o.a.j.t.JMeterThread: Thread started: Thread Group 1-23
2019-06-21 07:35:25,793 INFO o.a.j.t.JMeterThread: Thread is done: Thread Group 1-23
2019-06-21 07:35:25,793 INFO o.a.j.t.JMeterThread: Thread finished: Thread Group 1-23
2019-06-21 07:35:25,867 INFO o.a.j.t.JMeterThread: Thread started: Thread Group 1-24
2019-06-21 07:35:25,892 INFO o.a.j.t.JMeterThread: Thread is done: Thread Group 1-24
2019-06-21 07:35:25,892 INFO o.a.j.t.JMeterThread: Thread finished: Thread Group 1-24
2019-06-21 07:35:25,966 INFO o.a.j.t.JMeterThread: Thread started: Thread Group 1-25
2019-06-21 07:35:25,991 INFO o.a.j.t.JMeterThread: Thread is done: Thread Group 1-25
2019-06-21 07:35:25,991 INFO o.a.j.t.JMeterThread: Thread finished: Thread Group 1-25
2019-06-21 07:35:26,067 INFO o.a.j.t.JMeterThread: Thread started: Thread Group 1-26
2019-06-21 07:35:26,093 INFO o.a.j.t.JMeterThread: Thread is done: Thread Group 1-26
2019-06-21 07:35:26,093 INFO o.a.j.t.JMeterThread: Thread finished: Thread Group 1-26
2019-06-21 07:35:26,166 INFO o.a.j.t.JMeterThread: Thread started: Thread Group 1-27
2019-06-21 07:35:26,188 INFO o.a.j.t.JMeterThread: Thread is done: Thread Group 1-27
2019-06-21 07:35:26,188 INFO o.a.j.t.JMeterThread: Thread finished: Thread Group 1-27
2019-06-21 07:35:26,267 INFO o.a.j.t.JMeterThread: Thread started: Thread Group 1-28
2019-06-21 07:35:26,289 INFO o.a.j.t.JMeterThread: Thread is done: Thread Group 1-28
2019-06-21 07:35:26,289 INFO o.a.j.t.JMeterThread: Thread finished: Thread Group 1-28
2019-06-21 07:35:26,367 INFO o.a.j.t.JMeterThread: Thread started: Thread Group 1-29
2019-06-21 07:35:26,393 INFO o.a.j.t.JMeterThread: Thread is done: Thread Group 1-29
2019-06-21 07:35:26,394 INFO o.a.j.t.JMeterThread: Thread finished: Thread Group 1-29
2019-06-21 07:35:26,467 INFO o.a.j.t.JMeterThread: Thread started: Thread Group 1-30
2019-06-21 07:35:26,492 INFO o.a.j.t.JMeterThread: Thread is done: Thread Group 1-30
2019-06-21 07:35:26,492 INFO o.a.j.t.JMeterThread: Thread finished: Thread Group 1-30
2019-06-21 07:35:26,567 INFO o.a.j.t.JMeterThread: Thread started: Thread Group 1-31
2019-06-21 07:35:26,596 INFO o.a.j.t.JMeterThread: Thread is done: Thread Group 1-31
2019-06-21 07:35:26,596 INFO o.a.j.t.JMeterThread: Thread finished: Thread Group 1-31
2019-06-21 07:35:26,667 INFO o.a.j.t.JMeterThread: Thread started: Thread Group 1-32
2019-06-21 07:35:26,704 INFO o.a.j.t.JMeterThread: Thread is done: Thread Group 1-32
2019-06-21 07:35:26,705 INFO o.a.j.t.JMeterThread: Thread finished: Thread Group 1-32
2019-06-21 07:35:26,766 INFO o.a.j.t.JMeterThread: Thread started: Thread Group 1-33
2019-06-21 07:35:26,791 INFO o.a.j.t.JMeterThread: Thread is done: Thread Group 1-33
2019-06-21 07:35:26,792 INFO o.a.j.t.JMeterThread: Thread finished: Thread Group 1-33
2019-06-21 07:35:26,868 INFO o.a.j.t.JMeterThread: Thread started: Thread Group 1-34
2019-06-21 07:35:26,891 INFO o.a.j.t.JMeterThread: Thread is done: Thread Group 1-34
2019-06-21 07:35:26,892 INFO o.a.j.t.JMeterThread: Thread finished: Thread Group 1-34
2019-06-21 07:35:26,969 INFO o.a.j.t.JMeterThread: Thread started: Thread Group 1-35
2019-06-21 07:35:26,996 INFO o.a.j.t.JMeterThread: Thread is done: Thread Group 1-35
2019-06-21 07:35:26,996 INFO o.a.j.t.JMeterThread: Thread finished: Thread Group 1-35
2019-06-21 07:35:27,068 INFO o.a.j.t.JMeterThread: Thread started: Thread Group 1-36
2019-06-21 07:35:27,092 INFO o.a.j.t.JMeterThread: Thread is done: Thread Group 1-36
2019-06-21 07:35:27,093 INFO o.a.j.t.JMeterThread: Thread finished: Thread Group 1-36
2019-06-21 07:35:27,168 INFO o.a.j.t.JMeterThread: Thread started: Thread Group 1-37
2019-06-21 07:35:27,193 INFO o.a.j.t.JMeterThread: Thread is done: Thread Group 1-37
2019-06-21 07:35:27,193 INFO o.a.j.t.JMeterThread: Thread finished: Thread Group 1-37
2019-06-21 07:35:27,269 INFO o.a.j.t.JMeterThread: Thread started: Thread Group 1-38
2019-06-21 07:35:27,299 INFO o.a.j.t.JMeterThread: Thread is done: Thread Group 1-38
2019-06-21 07:35:27,299 INFO o.a.j.t.JMeterThread: Thread finished: Thread Group 1-38
2019-06-21 07:35:27,367 INFO o.a.j.t.JMeterThread: Thread started: Thread Group 1-39
2019-06-21 07:35:27,392 INFO o.a.j.t.JMeterThread: Thread is done: Thread Group 1-39
2019-06-21 07:35:27,392 INFO o.a.j.t.JMeterThread: Thread finished: Thread Group 1-39
2019-06-21 07:35:27,467 INFO o.a.j.t.JMeterThread: Thread started: Thread Group 1-40
2019-06-21 07:35:27,494 INFO o.a.j.t.JMeterThread: Thread is done: Thread Group 1-40
2019-06-21 07:35:27,495 INFO o.a.j.t.JMeterThread: Thread finished: Thread Group 1-40
2019-06-21 07:35:27,568 INFO o.a.j.t.JMeterThread: Thread started: Thread Group 1-41
2019-06-21 07:35:27,592 INFO o.a.j.t.JMeterThread: Thread is done: Thread Group 1-41
2019-06-21 07:35:27,592 INFO o.a.j.t.JMeterThread: Thread finished: Thread Group 1-41
2019-06-21 07:35:27,666 INFO o.a.j.t.JMeterThread: Thread started: Thread Group 1-42
2019-06-21 07:35:27,688 INFO o.a.j.t.JMeterThread: Thread is done: Thread Group 1-42
2019-06-21 07:35:27,688 INFO o.a.j.t.JMeterThread: Thread finished: Thread Group 1-42
2019-06-21 07:35:27,767 INFO o.a.j.t.JMeterThread: Thread started: Thread Group 1-43
2019-06-21 07:35:27,791 INFO o.a.j.t.JMeterThread: Thread is done: Thread Group 1-43
2019-06-21 07:35:27,791 INFO o.a.j.t.JMeterThread: Thread finished: Thread Group 1-43
2019-06-21 07:35:27,866 INFO o.a.j.t.JMeterThread: Thread started: Thread Group 1-44
2019-06-21 07:35:27,886 INFO o.a.j.t.JMeterThread: Thread is done: Thread Group 1-44
2019-06-21 07:35:27,886 INFO o.a.j.t.JMeterThread: Thread finished: Thread Group 1-44
2019-06-21 07:35:27,965 INFO o.a.j.t.JMeterThread: Thread started: Thread Group 1-45
2019-06-21 07:35:27,986 INFO o.a.j.t.JMeterThread: Thread is done: Thread Group 1-45
2019-06-21 07:35:27,986 INFO o.a.j.t.JMeterThread: Thread finished: Thread Group 1-45
2019-06-21 07:35:28,065 INFO o.a.j.t.JMeterThread: Thread started: Thread Group 1-46
2019-06-21 07:35:28,085 INFO o.a.j.t.JMeterThread: Thread is done: Thread Group 1-46
2019-06-21 07:35:28,085 INFO o.a.j.t.JMeterThread: Thread finished: Thread Group 1-46
2019-06-21 07:35:28,166 INFO o.a.j.t.JMeterThread: Thread started: Thread Group 1-47
2019-06-21 07:35:28,186 INFO o.a.j.t.JMeterThread: Thread is done: Thread Group 1-47
2019-06-21 07:35:28,186 INFO o.a.j.t.JMeterThread: Thread finished: Thread Group 1-47
2019-06-21 07:35:28,267 INFO o.a.j.t.JMeterThread: Thread started: Thread Group 1-48
2019-06-21 07:35:28,291 INFO o.a.j.t.JMeterThread: Thread is done: Thread Group 1-48
2019-06-21 07:35:28,291 INFO o.a.j.t.JMeterThread: Thread finished: Thread Group 1-48
2019-06-21 07:35:28,366 INFO o.a.j.t.JMeterThread: Thread started: Thread Group 1-49
2019-06-21 07:35:28,387 INFO o.a.j.t.JMeterThread: Thread is done: Thread Group 1-49
2019-06-21 07:35:28,387 INFO o.a.j.t.JMeterThread: Thread finished: Thread Group 1-49
2019-06-21 07:35:28,467 INFO o.a.j.t.JMeterThread: Thread started: Thread Group 1-50
2019-06-21 07:35:28,488 INFO o.a.j.t.JMeterThread: Thread is done: Thread Group 1-50
2019-06-21 07:35:28,488 INFO o.a.j.t.JMeterThread: Thread finished: Thread Group 1-50
2019-06-21 07:35:28,567 INFO o.a.j.t.JMeterThread: Thread started: Thread Group 1-51
2019-06-21 07:35:28,588 INFO o.a.j.t.JMeterThread: Thread is done: Thread Group 1-51
2019-06-21 07:35:28,588 INFO o.a.j.t.JMeterThread: Thread finished: Thread Group 1-51
2019-06-21 07:35:28,665 INFO o.a.j.t.JMeterThread: Thread started: Thread Group 1-52
2019-06-21 07:35:28,710 INFO o.a.j.t.JMeterThread: Thread is done: Thread Group 1-52
2019-06-21 07:35:28,710 INFO o.a.j.t.JMeterThread: Thread finished: Thread Group 1-52
2019-06-21 07:35:28,765 INFO o.a.j.t.JMeterThread: Thread started: Thread Group 1-53
2019-06-21 07:35:28,785 INFO o.a.j.t.JMeterThread: Thread is done: Thread Group 1-53
2019-06-21 07:35:28,785 INFO o.a.j.t.JMeterThread: Thread finished: Thread Group 1-53
2019-06-21 07:35:28,866 INFO o.a.j.t.JMeterThread: Thread started: Thread Group 1-54
2019-06-21 07:35:28,886 INFO o.a.j.t.JMeterThread: Thread is done: Thread Group 1-54
2019-06-21 07:35:28,887 INFO o.a.j.t.JMeterThread: Thread finished: Thread Group 1-54
2019-06-21 07:35:28,966 INFO o.a.j.t.JMeterThread: Thread started: Thread Group 1-55
2019-06-21 07:35:28,986 INFO o.a.j.t.JMeterThread: Thread is done: Thread Group 1-55
2019-06-21 07:35:28,986 INFO o.a.j.t.JMeterThread: Thread finished: Thread Group 1-55
2019-06-21 07:35:29,065 INFO o.a.j.t.JMeterThread: Thread started: Thread Group 1-56
2019-06-21 07:35:29,094 INFO o.a.j.t.JMeterThread: Thread is done: Thread Group 1-56
2019-06-21 07:35:29,094 INFO o.a.j.t.JMeterThread: Thread finished: Thread Group 1-56
2019-06-21 07:35:29,166 INFO o.a.j.t.JMeterThread: Thread started: Thread Group 1-57
2019-06-21 07:35:29,189 INFO o.a.j.t.JMeterThread: Thread is done: Thread Group 1-57
2019-06-21 07:35:29,189 INFO o.a.j.t.JMeterThread: Thread finished: Thread Group 1-57
2019-06-21 07:35:29,266 INFO o.a.j.t.JMeterThread: Thread started: Thread Group 1-58
2019-06-21 07:35:29,289 INFO o.a.j.t.JMeterThread: Thread is done: Thread Group 1-58
2019-06-21 07:35:29,290 INFO o.a.j.t.JMeterThread: Thread finished: Thread Group 1-58
2019-06-21 07:35:29,366 INFO o.a.j.t.JMeterThread: Thread started: Thread Group 1-59
2019-06-21 07:35:29,387 INFO o.a.j.t.JMeterThread: Thread is done: Thread Group 1-59
2019-06-21 07:35:29,387 INFO o.a.j.t.JMeterThread: Thread finished: Thread Group 1-59
2019-06-21 07:35:29,466 INFO o.a.j.t.JMeterThread: Thread started: Thread Group 1-60
2019-06-21 07:35:29,489 INFO o.a.j.t.JMeterThread: Thread is done: Thread Group 1-60
2019-06-21 07:35:29,490 INFO o.a.j.t.JMeterThread: Thread finished: Thread Group 1-60
2019-06-21 07:35:29,565 INFO o.a.j.t.JMeterThread: Thread started: Thread Group 1-61
2019-06-21 07:35:29,589 INFO o.a.j.t.JMeterThread: Thread is done: Thread Group 1-61
2019-06-21 07:35:29,589 INFO o.a.j.t.JMeterThread: Thread finished: Thread Group 1-61
2019-06-21 07:35:29,666 INFO o.a.j.t.JMeterThread: Thread started: Thread Group 1-62
2019-06-21 07:35:29,689 INFO o.a.j.t.JMeterThread: Thread is done: Thread Group 1-62
2019-06-21 07:35:29,689 INFO o.a.j.t.JMeterThread: Thread finished: Thread Group 1-62
2019-06-21 07:35:29,766 INFO o.a.j.t.JMeterThread: Thread started: Thread Group 1-63
2019-06-21 07:35:29,787 INFO o.a.j.t.JMeterThread: Thread is done: Thread Group 1-63
2019-06-21 07:35:29,787 INFO o.a.j.t.JMeterThread: Thread finished: Thread Group 1-63
2019-06-21 07:35:29,867 INFO o.a.j.t.JMeterThread: Thread started: Thread Group 1-64
2019-06-21 07:35:29,888 INFO o.a.j.t.JMeterThread: Thread is done: Thread Group 1-64
2019-06-21 07:35:29,888 INFO o.a.j.t.JMeterThread: Thread finished: Thread Group 1-64
2019-06-21 07:35:29,966 INFO o.a.j.t.JMeterThread: Thread started: Thread Group 1-65
2019-06-21 07:35:29,987 INFO o.a.j.t.JMeterThread: Thread is done: Thread Group 1-65
2019-06-21 07:35:29,987 INFO o.a.j.t.JMeterThread: Thread finished: Thread Group 1-65
2019-06-21 07:35:30,065 INFO o.a.j.t.JMeterThread: Thread started: Thread Group 1-66
2019-06-21 07:35:30,069 INFO o.a.j.r.Summariser: summary +    651 in 00:00:07 =   99.7/s Avg:     2 Min:     1 Max:    39 Err:     0 (0.00%) Active: 1 Started: 66 Finished: 65
2019-06-21 07:35:30,100 INFO o.a.j.t.JMeterThread: Thread is done: Thread Group 1-66
2019-06-21 07:35:30,100 INFO o.a.j.t.JMeterThread: Thread finished: Thread Group 1-66
2019-06-21 07:35:30,166 INFO o.a.j.t.JMeterThread: Thread started: Thread Group 1-67
2019-06-21 07:35:30,189 INFO o.a.j.t.JMeterThread: Thread is done: Thread Group 1-67
2019-06-21 07:35:30,189 INFO o.a.j.t.JMeterThread: Thread finished: Thread Group 1-67
2019-06-21 07:35:30,266 INFO o.a.j.t.JMeterThread: Thread started: Thread Group 1-68
2019-06-21 07:35:30,290 INFO o.a.j.t.JMeterThread: Thread is done: Thread Group 1-68
2019-06-21 07:35:30,291 INFO o.a.j.t.JMeterThread: Thread finished: Thread Group 1-68
2019-06-21 07:35:30,366 INFO o.a.j.t.JMeterThread: Thread started: Thread Group 1-69
2019-06-21 07:35:30,386 INFO o.a.j.t.JMeterThread: Thread is done: Thread Group 1-69
2019-06-21 07:35:30,386 INFO o.a.j.t.JMeterThread: Thread finished: Thread Group 1-69
2019-06-21 07:35:30,465 INFO o.a.j.t.JMeterThread: Thread started: Thread Group 1-70
2019-06-21 07:35:30,485 INFO o.a.j.t.JMeterThread: Thread is done: Thread Group 1-70
2019-06-21 07:35:30,486 INFO o.a.j.t.JMeterThread: Thread finished: Thread Group 1-70
2019-06-21 07:35:30,566 INFO o.a.j.t.JMeterThread: Thread started: Thread Group 1-71
2019-06-21 07:35:30,589 INFO o.a.j.t.JMeterThread: Thread is done: Thread Group 1-71
2019-06-21 07:35:30,589 INFO o.a.j.t.JMeterThread: Thread finished: Thread Group 1-71
2019-06-21 07:35:30,666 INFO o.a.j.t.JMeterThread: Thread started: Thread Group 1-72
2019-06-21 07:35:30,686 INFO o.a.j.t.JMeterThread: Thread is done: Thread Group 1-72
2019-06-21 07:35:30,686 INFO o.a.j.t.JMeterThread: Thread finished: Thread Group 1-72
2019-06-21 07:35:30,766 INFO o.a.j.t.JMeterThread: Thread started: Thread Group 1-73
2019-06-21 07:35:30,790 INFO o.a.j.t.JMeterThread: Thread is done: Thread Group 1-73
2019-06-21 07:35:30,790 INFO o.a.j.t.JMeterThread: Thread finished: Thread Group 1-73
2019-06-21 07:35:30,865 INFO o.a.j.t.JMeterThread: Thread started: Thread Group 1-74
2019-06-21 07:35:30,886 INFO o.a.j.t.JMeterThread: Thread is done: Thread Group 1-74
2019-06-21 07:35:30,886 INFO o.a.j.t.JMeterThread: Thread finished: Thread Group 1-74
2019-06-21 07:35:30,966 INFO o.a.j.t.JMeterThread: Thread started: Thread Group 1-75
2019-06-21 07:35:30,985 INFO o.a.j.t.JMeterThread: Thread is done: Thread Group 1-75
2019-06-21 07:35:30,985 INFO o.a.j.t.JMeterThread: Thread finished: Thread Group 1-75
2019-06-21 07:35:31,067 INFO o.a.j.t.JMeterThread: Thread started: Thread Group 1-76
2019-06-21 07:35:31,087 INFO o.a.j.t.JMeterThread: Thread is done: Thread Group 1-76
2019-06-21 07:35:31,088 INFO o.a.j.t.JMeterThread: Thread finished: Thread Group 1-76
2019-06-21 07:35:31,166 INFO o.a.j.t.JMeterThread: Thread started: Thread Group 1-77
2019-06-21 07:35:31,193 INFO o.a.j.t.JMeterThread: Thread is done: Thread Group 1-77
2019-06-21 07:35:31,193 INFO o.a.j.t.JMeterThread: Thread finished: Thread Group 1-77
2019-06-21 07:35:31,265 INFO o.a.j.t.JMeterThread: Thread started: Thread Group 1-78
2019-06-21 07:35:31,286 INFO o.a.j.t.JMeterThread: Thread is done: Thread Group 1-78
2019-06-21 07:35:31,286 INFO o.a.j.t.JMeterThread: Thread finished: Thread Group 1-78
2019-06-21 07:35:31,365 INFO o.a.j.t.JMeterThread: Thread started: Thread Group 1-79
2019-06-21 07:35:31,388 INFO o.a.j.t.JMeterThread: Thread is done: Thread Group 1-79
2019-06-21 07:35:31,388 INFO o.a.j.t.JMeterThread: Thread finished: Thread Group 1-79
2019-06-21 07:35:31,466 INFO o.a.j.t.JMeterThread: Thread started: Thread Group 1-80
2019-06-21 07:35:31,491 INFO o.a.j.t.JMeterThread: Thread is done: Thread Group 1-80
2019-06-21 07:35:31,491 INFO o.a.j.t.JMeterThread: Thread finished: Thread Group 1-80
2019-06-21 07:35:31,567 INFO o.a.j.t.JMeterThread: Thread started: Thread Group 1-81
2019-06-21 07:35:31,588 INFO o.a.j.t.JMeterThread: Thread is done: Thread Group 1-81
2019-06-21 07:35:31,588 INFO o.a.j.t.JMeterThread: Thread finished: Thread Group 1-81
2019-06-21 07:35:31,665 INFO o.a.j.t.JMeterThread: Thread started: Thread Group 1-82
2019-06-21 07:35:31,685 INFO o.a.j.t.JMeterThread: Thread is done: Thread Group 1-82
2019-06-21 07:35:31,685 INFO o.a.j.t.JMeterThread: Thread finished: Thread Group 1-82
2019-06-21 07:35:31,765 INFO o.a.j.t.JMeterThread: Thread started: Thread Group 1-83
2019-06-21 07:35:31,785 INFO o.a.j.t.JMeterThread: Thread is done: Thread Group 1-83
2019-06-21 07:35:31,785 INFO o.a.j.t.JMeterThread: Thread finished: Thread Group 1-83
2019-06-21 07:35:31,866 INFO o.a.j.t.JMeterThread: Thread started: Thread Group 1-84
2019-06-21 07:35:31,888 INFO o.a.j.t.JMeterThread: Thread is done: Thread Group 1-84
2019-06-21 07:35:31,888 INFO o.a.j.t.JMeterThread: Thread finished: Thread Group 1-84
2019-06-21 07:35:31,966 INFO o.a.j.t.JMeterThread: Thread started: Thread Group 1-85
2019-06-21 07:35:31,991 INFO o.a.j.t.JMeterThread: Thread is done: Thread Group 1-85
2019-06-21 07:35:31,991 INFO o.a.j.t.JMeterThread: Thread finished: Thread Group 1-85
2019-06-21 07:35:32,065 INFO o.a.j.t.JMeterThread: Thread started: Thread Group 1-86
2019-06-21 07:35:32,088 INFO o.a.j.t.JMeterThread: Thread is done: Thread Group 1-86
2019-06-21 07:35:32,088 INFO o.a.j.t.JMeterThread: Thread finished: Thread Group 1-86
2019-06-21 07:35:32,165 INFO o.a.j.t.JMeterThread: Thread started: Thread Group 1-87
2019-06-21 07:35:32,186 INFO o.a.j.t.JMeterThread: Thread is done: Thread Group 1-87
2019-06-21 07:35:32,187 INFO o.a.j.t.JMeterThread: Thread finished: Thread Group 1-87
2019-06-21 07:35:32,266 INFO o.a.j.t.JMeterThread: Thread started: Thread Group 1-88
2019-06-21 07:35:32,290 INFO o.a.j.t.JMeterThread: Thread is done: Thread Group 1-88
2019-06-21 07:35:32,290 INFO o.a.j.t.JMeterThread: Thread finished: Thread Group 1-88
2019-06-21 07:35:32,366 INFO o.a.j.t.JMeterThread: Thread started: Thread Group 1-89
2019-06-21 07:35:32,387 INFO o.a.j.t.JMeterThread: Thread is done: Thread Group 1-89
2019-06-21 07:35:32,388 INFO o.a.j.t.JMeterThread: Thread finished: Thread Group 1-89
2019-06-21 07:35:32,465 INFO o.a.j.t.JMeterThread: Thread started: Thread Group 1-90
2019-06-21 07:35:32,486 INFO o.a.j.t.JMeterThread: Thread is done: Thread Group 1-90
2019-06-21 07:35:32,486 INFO o.a.j.t.JMeterThread: Thread finished: Thread Group 1-90
2019-06-21 07:35:32,566 INFO o.a.j.t.JMeterThread: Thread started: Thread Group 1-91
2019-06-21 07:35:32,586 INFO o.a.j.t.JMeterThread: Thread is done: Thread Group 1-91
2019-06-21 07:35:32,586 INFO o.a.j.t.JMeterThread: Thread finished: Thread Group 1-91
2019-06-21 07:35:32,666 INFO o.a.j.t.JMeterThread: Thread started: Thread Group 1-92
2019-06-21 07:35:32,686 INFO o.a.j.t.JMeterThread: Thread is done: Thread Group 1-92
2019-06-21 07:35:32,686 INFO o.a.j.t.JMeterThread: Thread finished: Thread Group 1-92
2019-06-21 07:35:32,766 INFO o.a.j.t.JMeterThread: Thread started: Thread Group 1-93
2019-06-21 07:35:32,790 INFO o.a.j.t.JMeterThread: Thread is done: Thread Group 1-93
2019-06-21 07:35:32,790 INFO o.a.j.t.JMeterThread: Thread finished: Thread Group 1-93
2019-06-21 07:35:32,866 INFO o.a.j.t.JMeterThread: Thread started: Thread Group 1-94
2019-06-21 07:35:32,890 INFO o.a.j.t.JMeterThread: Thread is done: Thread Group 1-94
2019-06-21 07:35:32,890 INFO o.a.j.t.JMeterThread: Thread finished: Thread Group 1-94
2019-06-21 07:35:32,965 INFO o.a.j.t.JMeterThread: Thread started: Thread Group 1-95
2019-06-21 07:35:32,985 INFO o.a.j.t.JMeterThread: Thread is done: Thread Group 1-95
2019-06-21 07:35:32,985 INFO o.a.j.t.JMeterThread: Thread finished: Thread Group 1-95
2019-06-21 07:35:33,065 INFO o.a.j.t.JMeterThread: Thread started: Thread Group 1-96
2019-06-21 07:35:33,083 INFO o.a.j.t.JMeterThread: Thread is done: Thread Group 1-96
2019-06-21 07:35:33,083 INFO o.a.j.t.JMeterThread: Thread finished: Thread Group 1-96
2019-06-21 07:35:33,166 INFO o.a.j.t.JMeterThread: Thread started: Thread Group 1-97
2019-06-21 07:35:33,185 INFO o.a.j.t.JMeterThread: Thread is done: Thread Group 1-97
2019-06-21 07:35:33,185 INFO o.a.j.t.JMeterThread: Thread finished: Thread Group 1-97
2019-06-21 07:35:33,266 INFO o.a.j.t.JMeterThread: Thread started: Thread Group 1-98
2019-06-21 07:35:33,286 INFO o.a.j.t.JMeterThread: Thread is done: Thread Group 1-98
2019-06-21 07:35:33,286 INFO o.a.j.t.JMeterThread: Thread finished: Thread Group 1-98
2019-06-21 07:35:33,366 INFO o.a.j.t.JMeterThread: Thread started: Thread Group 1-99
2019-06-21 07:35:33,385 INFO o.a.j.t.JMeterThread: Thread is done: Thread Group 1-99
2019-06-21 07:35:33,385 INFO o.a.j.t.JMeterThread: Thread finished: Thread Group 1-99
2019-06-21 07:35:33,465 INFO o.a.j.t.JMeterThread: Thread started: Thread Group 1-100
2019-06-21 07:35:33,484 INFO o.a.j.t.JMeterThread: Thread is done: Thread Group 1-100
2019-06-21 07:35:33,484 INFO o.a.j.t.JMeterThread: Thread finished: Thread Group 1-100
2019-06-21 07:35:33,485 INFO o.a.j.e.StandardJMeterEngine: Notifying test listeners of end of test
2019-06-21 07:35:33,493 INFO o.a.j.r.Summariser: summary +    349 in 00:00:03 =  101.9/s Avg:     1 Min:     1 Max:     8 Err:     0 (0.00%) Active: 0 Started: 100 Finished: 100
2019-06-21 07:35:33,496 INFO o.a.j.r.Summariser: summary =   1000 in 00:00:10 =  100.4/s Avg:     2 Min:     1 Max:    39 Err:     0 (0.00%)
